0 silly argv { _: [ 'import' ],
0 silly argv   lernaVersion: '3.11.1',
0 silly argv   '$0': '../../../.npm/_npx/21079/bin/lerna',
0 silly argv   dir: '../monorepo_demo-design_system' }
1 notice cli v3.11.1
2 verbose rootPath /Users/maria.kuzovchikova/work/lerna-demo/monorepo_demo-all
3 info versioning independent
4 error Error: Command failed: git rev-parse HEAD
4 error fatal: ambiguous argument 'HEAD': unknown revision or path not in the working tree.
4 error Use '--' to separate paths from revisions, like this:
4 error 'git <command> [<revision>...] -- [<file>...]'
4 error
4 error HEAD
4 error
4 error     at makeError (/Users/maria.kuzovchikova/.npm/_npx/21079/lib/node_modules/lerna/node_modules/execa/index.js:174:9)
4 error     at Function.module.exports.sync (/Users/maria.kuzovchikova/.npm/_npx/21079/lib/node_modules/lerna/node_modules/execa/index.js:338:15)
4 error     at Object.execSync (/Users/maria.kuzovchikova/.npm/_npx/21079/lib/node_modules/lerna/node_modules/@lerna/child-process/index.js:22:16)
4 error     at ImportCommand.getCurrentSHA (/Users/maria.kuzovchikova/.npm/_npx/21079/lib/node_modules/lerna/node_modules/@lerna/import/index.js:129:34)
4 error     at ImportCommand.initialize (/Users/maria.kuzovchikova/.npm/_npx/21079/lib/node_modules/lerna/node_modules/@lerna/import/index.js:98:31)
4 error     at Promise.resolve.then (/Users/maria.kuzovchikova/.npm/_npx/21079/lib/node_modules/lerna/node_modules/@lerna/command/index.js:270:24)
